mode: set
github.com/SukantArora/CRUD_Gofr/internal/http/http.go:27.48,36.2 3 1
github.com/SukantArora/CRUD_Gofr/internal/http/http.go:38.49,46.2 2 1
github.com/SukantArora/CRUD_Gofr/internal/http/http.go:52.47,54.2 1 1
github.com/SukantArora/CRUD_Gofr/internal/http/http.go:56.69,65.16 4 1
github.com/SukantArora/CRUD_Gofr/internal/http/http.go:71.2,73.16 2 1
github.com/SukantArora/CRUD_Gofr/internal/http/http.go:65.16,69.3 2 1
github.com/SukantArora/CRUD_Gofr/internal/http/http.go:73.16,74.43 1 1
github.com/SukantArora/CRUD_Gofr/internal/http/http.go:74.43,78.4 2 1
github.com/SukantArora/CRUD_Gofr/internal/http/http.go:78.9,82.4 2 0
github.com/SukantArora/CRUD_Gofr/internal/http/http.go:83.8,86.3 2 1
github.com/SukantArora/CRUD_Gofr/internal/http/http.go:89.70,95.20 3 1
github.com/SukantArora/CRUD_Gofr/internal/http/http.go:100.2,102.16 2 1
github.com/SukantArora/CRUD_Gofr/internal/http/http.go:95.20,98.3 2 1
github.com/SukantArora/CRUD_Gofr/internal/http/http.go:102.16,105.3 2 1
github.com/SukantArora/CRUD_Gofr/internal/http/http.go:105.8,106.27 1 1
github.com/SukantArora/CRUD_Gofr/internal/http/http.go:106.27,109.4 2 1
github.com/SukantArora/CRUD_Gofr/internal/http/http.go:109.9,112.4 2 1
github.com/SukantArora/CRUD_Gofr/internal/http/http.go:116.66,120.16 2 1
github.com/SukantArora/CRUD_Gofr/internal/http/http.go:125.2,125.26 1 1
github.com/SukantArora/CRUD_Gofr/internal/http/http.go:120.16,123.3 2 1
github.com/SukantArora/CRUD_Gofr/internal/http/http.go:125.26,129.3 2 1
github.com/SukantArora/CRUD_Gofr/internal/http/http.go:129.8,133.3 2 1
github.com/SukantArora/CRUD_Gofr/internal/http/http.go:136.69,142.20 3 1
github.com/SukantArora/CRUD_Gofr/internal/http/http.go:148.2,150.16 2 1
github.com/SukantArora/CRUD_Gofr/internal/http/http.go:142.20,146.3 2 1
github.com/SukantArora/CRUD_Gofr/internal/http/http.go:150.16,151.40 1 1
github.com/SukantArora/CRUD_Gofr/internal/http/http.go:151.40,155.4 2 1
github.com/SukantArora/CRUD_Gofr/internal/http/http.go:155.9,155.34 1 1
github.com/SukantArora/CRUD_Gofr/internal/http/http.go:155.34,159.4 2 1
github.com/SukantArora/CRUD_Gofr/internal/http/http.go:159.9,163.4 2 1
github.com/SukantArora/CRUD_Gofr/internal/http/http.go:164.8,167.3 2 1
github.com/SukantArora/CRUD_Gofr/internal/http/http.go:170.69,176.20 3 1
github.com/SukantArora/CRUD_Gofr/internal/http/http.go:182.2,187.16 4 1
github.com/SukantArora/CRUD_Gofr/internal/http/http.go:193.2,194.16 2 1
github.com/SukantArora/CRUD_Gofr/internal/http/http.go:176.20,180.3 2 1
github.com/SukantArora/CRUD_Gofr/internal/http/http.go:187.16,191.3 2 1
github.com/SukantArora/CRUD_Gofr/internal/http/http.go:194.16,195.27 1 1
github.com/SukantArora/CRUD_Gofr/internal/http/http.go:195.27,199.4 2 1
github.com/SukantArora/CRUD_Gofr/internal/http/http.go:199.9,203.4 2 0
github.com/SukantArora/CRUD_Gofr/internal/http/http.go:204.8,207.3 2 1
